<?xml version="1.0" encoding="UTF-8"?>
<!-- Generated by org.testng.reporters.JUnitXMLReporter -->
<testsuite hostname="LAPTOP-LQRBCNTA" ignored="0" name="Login_Process" tests="5" failures="0" timestamp="29 Oct 2017 08:41:24 GMT" time="44.729" errors="0">
  <testcase name="@BeforeClass setupApplication" time="0.016" classname="Demo.start">
    <failure type="java.lang.IllegalStateException" message="The driver executable is a directory: D:\geckodriver-v0.16.1-win64">
      <![CDATA[java.lang.IllegalStateException: The driver executable is a directory: D:\geckodriver-v0.16.1-win64
	at com.google.common.base.Preconditions.checkState(Preconditions.java:518)
	at org.openqa.selenium.remote.service.DriverService.checkExecutable(DriverService.java:138)
	at org.openqa.selenium.remote.service.DriverService.findExecutable(DriverService.java:131)
	at org.openqa.selenium.firefox.GeckoDriverService.access$100(GeckoDriverService.java:41)
	at org.openqa.selenium.firefox.GeckoDriverService$Builder.findDefaultExecutable(GeckoDriverService.java:115)
	at org.openqa.selenium.remote.service.DriverService$Builder.build(DriverService.java:330)
	at org.openqa.selenium.firefox.FirefoxDriver.toExecutor(FirefoxDriver.java:207)
	at org.openqa.selenium.firefox.FirefoxDriver.<init>(FirefoxDriver.java:108)
	at org.openqa.selenium.firefox.FirefoxDriver.<init>(FirefoxDriver.java:121)
	at Demo.start.setupApplication(start.java:23)
... Removed 25 stack frames]]>
    </failure>
  </testcase> <!-- @BeforeClass setupApplication -->
  <testcase name="@BeforeClass starting" time="0.0" classname="Demo.Add_Provider">
    <skipped/>
  </testcase> <!-- @BeforeClass starting -->
  <testcase name="@AfterClass ending" time="0.0" classname="Demo.Add_Provider">
    <skipped/>
  </testcase> <!-- @AfterClass ending -->
  <testcase name="@AfterClass closeApplication" time="0.0" classname="Demo.start">
    <skipped/>
  </testcase> <!-- @AfterClass closeApplication -->
  <testcase name="@BeforeClass setupApplication" time="0.0" classname="Demo.start">
    <skipped/>
  </testcase> <!-- @BeforeClass setupApplication -->
  <testcase name="@AfterClass closeApplication" time="0.0" classname="Demo.start">
    <skipped/>
  </testcase> <!-- @AfterClass closeApplication -->
  <testcase name="@AfterTest afterTest" time="0.0" classname="Demo.Custom_Actions">
    <skipped/>
  </testcase> <!-- @AfterTest afterTest -->
  <testcase name="signin" time="18.24" classname="Login_Process.Login"/>
  <testcase name="signin" time="0.0" classname="Demo.Add_Provider">
    <skipped/>
  </testcase> <!-- signin -->
  <testcase name="Provider" time="0.0" classname="Demo.Add_Provider">
    <skipped/>
  </testcase> <!-- Provider -->
  <testcase name="signin" time="0.0" classname="Demo.Custom_Actions">
    <skipped/>
  </testcase> <!-- signin -->
  <testcase name="create_custom_action" time="0.0" classname="Demo.Custom_Actions">
    <skipped/>
  </testcase> <!-- create_custom_action -->
</testsuite> <!-- Login_Process -->
