<?xml version="1.0" encoding="UTF-8"?>
<!-- Generated by org.testng.reporters.JUnitXMLReporter -->
<testsuite hostname="LAPTOP-LQRBCNTA" ignored="12" name="Test" tests="6" failures="0" timestamp="29 Nov 2017 10:56:28 GMT" time="156.98" errors="0">
  <testcase name="cred" time="18.671" classname="module.Credentials"/>
  <testcase name="job" time="18.244" classname="module.Backend_Job"/>
  <testcase name="Provider" time="32.61" classname="module.Add_Provider"/>
  <testcase name="Backend_Configuration" time="15.197" classname="module.Backend_Config"/>
  <testcase name="signin" time="7.72" classname="module.Login"/>
  <testcase name="create_custom_action" time="20.601" classname="module.Custom_Actions"/>
  <testcase name="@BeforeSuite generate" time="0.0" classname="module.Start">
    <ignored/>
  </testcase> <!-- @BeforeSuite generate -->
  <testcase name="@BeforeSuite generate" time="0.0" classname="module.Start">
    <ignored/>
  </testcase> <!-- @BeforeSuite generate -->
  <testcase name="@BeforeSuite generate" time="0.0" classname="module.Start">
    <ignored/>
  </testcase> <!-- @BeforeSuite generate -->
  <testcase name="@BeforeSuite generate" time="0.0" classname="module.Start">
    <ignored/>
  </testcase> <!-- @BeforeSuite generate -->
  <testcase name="@BeforeSuite generate" time="0.0" classname="module.Start">
    <ignored/>
  </testcase> <!-- @BeforeSuite generate -->
  <testcase name="@BeforeSuite generate" time="0.0" classname="module.Start">
    <ignored/>
  </testcase> <!-- @BeforeSuite generate -->
  <testcase name="@AfterSuite tearDown" time="0.0" classname="module.Start">
    <ignored/>
  </testcase> <!-- @AfterSuite tearDown -->
  <testcase name="@AfterSuite tearDown" time="0.0" classname="module.Start">
    <ignored/>
  </testcase> <!-- @AfterSuite tearDown -->
  <testcase name="@AfterSuite tearDown" time="0.0" classname="module.Start">
    <ignored/>
  </testcase> <!-- @AfterSuite tearDown -->
  <testcase name="@AfterSuite tearDown" time="0.0" classname="module.Start">
    <ignored/>
  </testcase> <!-- @AfterSuite tearDown -->
  <testcase name="@AfterSuite tearDown" time="0.0" classname="module.Start">
    <ignored/>
  </testcase> <!-- @AfterSuite tearDown -->
  <testcase name="@AfterSuite tearDown" time="0.0" classname="module.Start">
    <ignored/>
  </testcase> <!-- @AfterSuite tearDown -->
</testsuite> <!-- Test -->
