<?xml version="1.0" encoding="UTF-8"?>
<testng-results skipped="0" failed="1" ignored="0" total="2" passed="1">
  <reporter-output>
  </reporter-output>
  <suite name="Default suite" duration-ms="92162" started-at="2017-07-12T13:25:46Z" finished-at="2017-07-12T13:27:18Z">
    <groups>
    </groups>
    <test name="Default test" duration-ms="92162" started-at="2017-07-12T13:25:46Z" finished-at="2017-07-12T13:27:18Z">
      <class name="Demo.Custom_Actions">
        <test-method status="PASS" signature="setupApplication()[pri:0, instance:Demo.Custom_Actions@548e7350]" name="setupApplication" is-config="true" duration-ms="12682" started-at="2017-07-12T18:55:46Z" finished-at="2017-07-12T18:55:59Z">
          <reporter-output>
          </reporter-output>
        </test-method> <!-- setupApplication -->
        <test-method status="PASS" signature="signin()[pri:0, instance:Demo.Custom_Actions@548e7350]" name="signin" duration-ms="65541" started-at="2017-07-12T18:55:59Z" description="signin" finished-at="2017-07-12T18:57:04Z">
          <reporter-output>
          </reporter-output>
        </test-method> <!-- signin -->
        <test-method status="FAIL" signature="create_custom_action()[pri:0, instance:Demo.Custom_Actions@548e7350]" name="create_custom_action" duration-ms="13909" started-at="2017-07-12T18:57:04Z" description="create custom action" depends-on-methods="Demo.Custom_Actions.signin" finished-at="2017-07-12T18:57:18Z">
          <exception class="org.openqa.selenium.NoSuchElementException">
            <message>
              <![CDATA[Unable to locate element: html/body/div[3]/div/div/form/div[1]/div[4]/div[1]/div/select/option[2]
For documentation on this error, please visit: http://seleniumhq.org/exceptions/no_such_element.html
Build info: version: '3.4.0', revision: 'unknown', time: 'unknown'
System info: host: 'mars', ip: '127.0.1.1', os.name: 'Linux', os.arch: 'amd64', os.version: '4.4.0-83-generic', java.version: '1.8.0_121'
Driver info: org.openqa.selenium.firefox.FirefoxDriver
Capabilities [{moz:profile=/tmp/rust_mozprofile.3h7RMdivLgcc, rotatable=false, timeouts={implicit=0.0, pageLoad=300000.0, script=30000.0}, pageLoadStrategy=normal, platform=ANY, specificationLevel=0.0, moz:accessibilityChecks=false, acceptInsecureCerts=false, browserVersion=54.0, platformVersion=4.4.0-83-generic, moz:processID=15094.0, browserName=firefox, javascriptEnabled=true, platformName=linux}]
Session ID: 75a050bf-c868-462f-a802-a8a0f53a655e
*** Element info: {Using=xpath, value=html/body/div[3]/div/div/form/div[1]/div[4]/div[1]/div/select/option[2]}]]>
            </message>
            <full-stacktrace>
              <![CDATA[org.openqa.selenium.NoSuchElementException: Unable to locate element: html/body/div[3]/div/div/form/div[1]/div[4]/div[1]/div/select/option[2]
For documentation on this error, please visit: http://seleniumhq.org/exceptions/no_such_element.html
Build info: version: '3.4.0', revision: 'unknown', time: 'unknown'
System info: host: 'mars', ip: '127.0.1.1', os.name: 'Linux', os.arch: 'amd64', os.version: '4.4.0-83-generic', java.version: '1.8.0_121'
Driver info: org.openqa.selenium.firefox.FirefoxDriver
Capabilities [{moz:profile=/tmp/rust_mozprofile.3h7RMdivLgcc, rotatable=false, timeouts={implicit=0.0, pageLoad=300000.0, script=30000.0}, pageLoadStrategy=normal, platform=ANY, specificationLevel=0.0, moz:accessibilityChecks=false, acceptInsecureCerts=false, browserVersion=54.0, platformVersion=4.4.0-83-generic, moz:processID=15094.0, browserName=firefox, javascriptEnabled=true, platformName=linux}]
Session ID: 75a050bf-c868-462f-a802-a8a0f53a655e
*** Element info: {Using=xpath, value=html/body/div[3]/div/div/form/div[1]/div[4]/div[1]/div/select/option[2]}
	at sun.reflect.NativeConstructorAccessorImpl.newInstance0(Native Method)
	at sun.reflect.NativeConstructorAccessorImpl.newInstance(NativeConstructorAccessorImpl.java:62)
	at sun.reflect.DelegatingConstructorAccessorImpl.newInstance(DelegatingConstructorAccessorImpl.java:45)
	at java.lang.reflect.Constructor.newInstance(Constructor.java:423)
	at org.openqa.selenium.remote.http.W3CHttpResponseCodec.createException(W3CHttpResponseCodec.java:150)
	at org.openqa.selenium.remote.http.W3CHttpResponseCodec.decode(W3CHttpResponseCodec.java:115)
	at org.openqa.selenium.remote.http.W3CHttpResponseCodec.decode(W3CHttpResponseCodec.java:45)
	at org.openqa.selenium.remote.HttpCommandExecutor.execute(HttpCommandExecutor.java:164)
	at org.openqa.selenium.remote.service.DriverCommandExecutor.execute(DriverCommandExecutor.java:82)
	at org.openqa.selenium.remote.RemoteWebDriver.execute(RemoteWebDriver.java:637)
	at org.openqa.selenium.remote.RemoteWebDriver.findElement(RemoteWebDriver.java:410)
	at org.openqa.selenium.remote.RemoteWebDriver.findElementByXPath(RemoteWebDriver.java:509)
	at org.openqa.selenium.By$ByXPath.findElement(By.java:361)
	at org.openqa.selenium.remote.RemoteWebDriver.findElement(RemoteWebDriver.java:402)
	at Pages.custom_actions.VIRTUAL_MACHINE(custom_actions.java:108)
	at Demo.Custom_Actions.create_custom_action(Custom_Actions.java:85)
	at sun.reflect.NativeMethodAccessorImpl.invoke0(Native Method)
	at sun.reflect.NativeMethodAccessorImpl.invoke(NativeMethodAccessorImpl.java:62)
	at sun.reflect.DelegatingMethodAccessorImpl.invoke(DelegatingMethodAccessorImpl.java:43)
	at java.lang.reflect.Method.invoke(Method.java:498)
	at org.testng.internal.MethodInvocationHelper.invokeMethod(MethodInvocationHelper.java:108)
	at org.testng.internal.Invoker.invokeMethod(Invoker.java:661)
	at org.testng.internal.Invoker.invokeTestMethod(Invoker.java:869)
	at org.testng.internal.Invoker.invokeTestMethods(Invoker.java:1193)
	at org.testng.internal.TestMethodWorker.invokeTestMethods(TestMethodWorker.java:126)
	at org.testng.internal.TestMethodWorker.run(TestMethodWorker.java:109)
	at org.testng.TestRunner.privateRun(TestRunner.java:744)
	at org.testng.TestRunner.run(TestRunner.java:602)
	at org.testng.SuiteRunner.runTest(SuiteRunner.java:380)
	at org.testng.SuiteRunner.runSequentially(SuiteRunner.java:375)
	at org.testng.SuiteRunner.privateRun(SuiteRunner.java:340)
	at org.testng.SuiteRunner.run(SuiteRunner.java:289)
	at org.testng.SuiteRunnerWorker.runSuite(SuiteRunnerWorker.java:52)
	at org.testng.SuiteRunnerWorker.run(SuiteRunnerWorker.java:86)
	at org.testng.TestNG.runSuitesSequentially(TestNG.java:1301)
	at org.testng.TestNG.runSuitesLocally(TestNG.java:1226)
	at org.testng.TestNG.runSuites(TestNG.java:1144)
	at org.testng.TestNG.run(TestNG.java:1115)
	at org.testng.remote.AbstractRemoteTestNG.run(AbstractRemoteTestNG.java:132)
	at org.testng.remote.RemoteTestNG.initAndRun(RemoteTestNG.java:230)
	at org.testng.remote.RemoteTestNG.main(RemoteTestNG.java:76)
]]>
            </full-stacktrace>
          </exception> <!-- org.openqa.selenium.NoSuchElementException -->
          <reporter-output>
          </reporter-output>
        </test-method> <!-- create_custom_action -->
        <test-method status="PASS" signature="afterTest()[pri:0, instance:Demo.Custom_Actions@548e7350]" name="afterTest" is-config="true" duration-ms="1" started-at="2017-07-12T18:57:18Z" finished-at="2017-07-12T18:57:18Z">
          <reporter-output>
          </reporter-output>
        </test-method> <!-- afterTest -->
        <test-method status="PASS" signature="closeApplication()[pri:0, instance:Demo.Custom_Actions@548e7350]" name="closeApplication" is-config="true" duration-ms="0" started-at="2017-07-12T18:57:18Z" finished-at="2017-07-12T18:57:18Z">
          <reporter-output>
          </reporter-output>
        </test-method> <!-- closeApplication -->
      </class> <!-- Demo.Custom_Actions -->
    </test> <!-- Default test -->
  </suite> <!-- Default suite -->
</testng-results>
