<?xml version="1.0" encoding="UTF-8"?>
<testng-results skipped="0" failed="0" ignored="0" total="1" passed="1">
  <reporter-output>
  </reporter-output>
  <suite name="Default suite" duration-ms="15560" started-at="2017-07-18T10:45:05Z" finished-at="2017-07-18T10:45:21Z">
    <groups>
    </groups>
    <test name="Default test" duration-ms="15560" started-at="2017-07-18T10:45:05Z" finished-at="2017-07-18T10:45:21Z">
      <class name="Demo.Login">
        <test-method status="PASS" signature="setupApplication()[pri:0, instance:Demo.Login@57baeedf]" name="setupApplication" is-config="true" duration-ms="10728" started-at="2017-07-18T18:45:05Z" finished-at="2017-07-18T18:45:16Z">
          <reporter-output>
          </reporter-output>
        </test-method> <!-- setupApplication -->
        <test-method status="PASS" signature="signin()[pri:0, instance:Demo.Login@57baeedf]" name="signin" duration-ms="4802" started-at="2017-07-18T18:45:16Z" description="signin" finished-at="2017-07-18T18:45:21Z">
          <reporter-output>
          </reporter-output>
        </test-method> <!-- signin -->
        <test-method status="PASS" signature="closeApplication()[pri:0, instance:Demo.Login@57baeedf]" name="closeApplication" is-config="true" duration-ms="0" started-at="2017-07-18T18:45:21Z" finished-at="2017-07-18T18:45:21Z">
          <reporter-output>
          </reporter-output>
        </test-method> <!-- closeApplication -->
      </class> <!-- Demo.Login -->
    </test> <!-- Default test -->
  </suite> <!-- Default suite -->
</testng-results>
