<?xml version="1.0" encoding="UTF-8"?>
<!-- Generated by org.testng.reporters.JUnitXMLReporter -->
<testsuite hostname="LAPTOP-LQRBCNTA" ignored="0" name="Test" tests="7" failures="0" timestamp="15 Nov 2017 17:44:16 GMT" time="75.33" errors="0">
  <testcase name="@AfterMethod tearDown" time="0.007" classname="Demo.Credentials">
    <failure type="java.lang.NullPointerException">
      <![CDATA[java.lang.NullPointerException
	at Demo.Credentials.tearDown(Credentials.java:87)
... Removed 27 stack frames]]>
    </failure>
  </testcase> <!-- @AfterMethod tearDown -->
  <testcase name="@AfterClass closeApplication" time="0.0" classname="Demo.start">
    <skipped/>
  </testcase> <!-- @AfterClass closeApplication -->
  <testcase name="@BeforeClass setupApplication" time="0.0" classname="Demo.start">
    <skipped/>
  </testcase> <!-- @BeforeClass setupApplication -->
  <testcase name="@BeforeClass starting" time="0.0" classname="Login_Process.Login">
    <skipped/>
  </testcase> <!-- @BeforeClass starting -->
  <testcase name="@AfterClass end" time="0.0" classname="Login_Process.Login">
    <skipped/>
  </testcase> <!-- @AfterClass end -->
  <testcase name="@AfterClass closeApplication" time="0.0" classname="Demo.start">
    <skipped/>
  </testcase> <!-- @AfterClass closeApplication -->
  <testcase name="@BeforeClass setupApplication" time="0.0" classname="Demo.start">
    <skipped/>
  </testcase> <!-- @BeforeClass setupApplication -->
  <testcase name="@AfterClass closeApplication" time="0.0" classname="Demo.start">
    <skipped/>
  </testcase> <!-- @AfterClass closeApplication -->
  <testcase name="@BeforeClass setupApplication" time="0.0" classname="Demo.start">
    <skipped/>
  </testcase> <!-- @BeforeClass setupApplication -->
  <testcase name="@BeforeClass starting" time="0.0" classname="Demo.Add_Provider">
    <skipped/>
  </testcase> <!-- @BeforeClass starting -->
  <testcase name="@AfterClass ending" time="0.0" classname="Demo.Add_Provider">
    <skipped/>
  </testcase> <!-- @AfterClass ending -->
  <testcase name="@AfterClass closeApplication" time="0.0" classname="Demo.start">
    <skipped/>
  </testcase> <!-- @AfterClass closeApplication -->
  <testcase name="@AfterTest afterTest" time="0.0" classname="Demo.Credentials">
    <skipped/>
  </testcase> <!-- @AfterTest afterTest -->
  <testcase name="@AfterTest afterTest" time="0.0" classname="Demo.Custom_Actions">
    <skipped/>
  </testcase> <!-- @AfterTest afterTest -->
  <testcase name="signin" time="63.755" classname="Demo.Credentials"/>
  <testcase name="cred" time="0.0" classname="Demo.Credentials">
    <skipped/>
  </testcase> <!-- cred -->
  <testcase name="signin" time="0.0" classname="Login_Process.Login">
    <skipped/>
  </testcase> <!-- signin -->
  <testcase name="signin" time="0.0" classname="Demo.Custom_Actions">
    <skipped/>
  </testcase> <!-- signin -->
  <testcase name="create_custom_action" time="0.0" classname="Demo.Custom_Actions">
    <skipped/>
  </testcase> <!-- create_custom_action -->
  <testcase name="signin" time="0.0" classname="Demo.Add_Provider">
    <skipped/>
  </testcase> <!-- signin -->
  <testcase name="Provider" time="0.0" classname="Demo.Add_Provider">
    <skipped/>
  </testcase> <!-- Provider -->
</testsuite> <!-- Test -->
